************* Module application
application.py:application:1: [C0114(missing-module-docstring), ] Missing module docstring
application.py:application:11: [C0103(invalid-name), ] Constant name "nasdaq" doesn't conform to UPPER_CASE naming style
application.py:application:12: [C0103(invalid-name), ] Constant name "nyse" doesn't conform to UPPER_CASE naming style
application.py:application:15: [C0103(invalid-name), ] Constant name "symbols" doesn't conform to UPPER_CASE naming style
application.py:application:16: [C0103(invalid-name), ] Constant name "drop_down_symbols" doesn't conform to UPPER_CASE naming style
application.py:application:19: [C0103(invalid-name), ] Constant name "external_stylesheets" doesn't conform to UPPER_CASE naming style
application.py:application:20: [C0103(invalid-name), ] Constant name "app" doesn't conform to UPPER_CASE naming style
application.py:application:22: [C0103(invalid-name), ] Constant name "cache" doesn't conform to UPPER_CASE naming style
application.py:application:26: [C0103(invalid-name), ] Constant name "cache_timeout" doesn't conform to UPPER_CASE naming style
application.py:application:27: [C0103(invalid-name), ] Constant name "redis_instance" doesn't conform to UPPER_CASE naming style
application.py:application:28: [C0103(invalid-name), ] Constant name "application" doesn't conform to UPPER_CASE naming style
application.py:application:4: [C0411(wrong-import-order), ] standard import "import os" should be placed before "import dash"
application.py:application:7: [C0411(wrong-import-order), ] third party import "import pandas as pd" should be placed before "from PageLayouts import Layouts"
application.py:application:8: [C0411(wrong-import-order), ] third party import "from redis import Redis" should be placed before "from PageLayouts import Layouts"
************* Module MetricsConfig
ConfigFiles\MetricsConfig.py:MetricsConfig:8: [C0303(trailing-whitespace), ] Trailing whitespace
ConfigFiles\MetricsConfig.py:MetricsConfig:40: [C0301(line-too-long), ] Line too long (112/100)
ConfigFiles\MetricsConfig.py:MetricsConfig:58: [C0301(line-too-long), ] Line too long (104/100)
ConfigFiles\MetricsConfig.py:MetricsConfig:197: [C0301(line-too-long), ] Line too long (108/100)
ConfigFiles\MetricsConfig.py:MetricsConfig:1: [C0103(invalid-name), ] Module name "MetricsConfig" doesn't conform to snake_case naming style
ConfigFiles\MetricsConfig.py:MetricsConfig:1: [C0114(missing-module-docstring), ] Missing module docstring
ConfigFiles\MetricsConfig.py:MetricsConfig:4: [C0115(missing-class-docstring), Frequencies] Missing class docstring
ConfigFiles\MetricsConfig.py:MetricsConfig:4: [R0903(too-few-public-methods), Frequencies] Too few public methods (0/2)
ConfigFiles\MetricsConfig.py:MetricsConfig:8: [C0103(invalid-name), ] Constant name "main_dictionary" doesn't conform to UPPER_CASE naming style
ConfigFiles\MetricsConfig.py:MetricsConfig:1: [W0611(unused-import), ] Unused Enum imported from enum
************* Module MetricsConfigGenerator
ConfigFiles\MetricsConfigGenerator.py:MetricsConfigGenerator:21: [C0301(line-too-long), ] Line too long (105/100)
ConfigFiles\MetricsConfigGenerator.py:MetricsConfigGenerator:79: [C0301(line-too-long), ] Line too long (112/100)
ConfigFiles\MetricsConfigGenerator.py:MetricsConfigGenerator:86: [C0301(line-too-long), ] Line too long (109/100)
ConfigFiles\MetricsConfigGenerator.py:MetricsConfigGenerator:90: [C0301(line-too-long), ] Line too long (108/100)
ConfigFiles\MetricsConfigGenerator.py:MetricsConfigGenerator:97: [C0301(line-too-long), ] Line too long (105/100)
ConfigFiles\MetricsConfigGenerator.py:MetricsConfigGenerator:123: [C0301(line-too-long), ] Line too long (104/100)
ConfigFiles\MetricsConfigGenerator.py:MetricsConfigGenerator:130: [C0301(line-too-long), ] Line too long (101/100)
ConfigFiles\MetricsConfigGenerator.py:MetricsConfigGenerator:134: [C0301(line-too-long), ] Line too long (105/100)
ConfigFiles\MetricsConfigGenerator.py:MetricsConfigGenerator:141: [C0301(line-too-long), ] Line too long (102/100)
ConfigFiles\MetricsConfigGenerator.py:MetricsConfigGenerator:1: [C0103(invalid-name), ] Module name "MetricsConfigGenerator" doesn't conform to snake_case naming style
ConfigFiles\MetricsConfigGenerator.py:MetricsConfigGenerator:1: [C0114(missing-module-docstring), ] Missing module docstring
ConfigFiles\MetricsConfigGenerator.py:MetricsConfigGenerator:5: [C0115(missing-class-docstring), RequestType] Missing class docstring
ConfigFiles\MetricsConfigGenerator.py:MetricsConfigGenerator:51: [W0703(broad-except), parse_json] Catching too general exception Exception
ConfigFiles\MetricsConfigGenerator.py:MetricsConfigGenerator:48: [W0612(unused-variable), parse_json] Unused variable 'inner_value'
ConfigFiles\MetricsConfigGenerator.py:MetricsConfigGenerator:163: [W0703(broad-except), run] Catching too general exception Exception
ConfigFiles\MetricsConfigGenerator.py:MetricsConfigGenerator:55: [R0915(too-many-statements), run] Too many statements (68/50)
************* Module Callbacks
PageCallbacks\Callbacks.py:Callbacks:1: [C0103(invalid-name), ] Module name "Callbacks" doesn't conform to snake_case naming style
PageCallbacks\Callbacks.py:Callbacks:1: [C0114(missing-module-docstring), ] Missing module docstring
PageCallbacks\Callbacks.py:Callbacks:4: [C0116(missing-function-docstring), register_callbacks] Missing function or method docstring
************* Module FinancialMetricsCallbacks
PageCallbacks\FinancialMetricsCallbacks.py:FinancialMetricsCallbacks:37: [C0301(line-too-long), ] Line too long (101/100)
PageCallbacks\FinancialMetricsCallbacks.py:FinancialMetricsCallbacks:40: [C0301(line-too-long), ] Line too long (107/100)
PageCallbacks\FinancialMetricsCallbacks.py:FinancialMetricsCallbacks:41: [C0301(line-too-long), ] Line too long (108/100)
PageCallbacks\FinancialMetricsCallbacks.py:FinancialMetricsCallbacks:42: [C0301(line-too-long), ] Line too long (112/100)
PageCallbacks\FinancialMetricsCallbacks.py:FinancialMetricsCallbacks:44: [C0301(line-too-long), ] Line too long (105/100)
PageCallbacks\FinancialMetricsCallbacks.py:FinancialMetricsCallbacks:45: [C0301(line-too-long), ] Line too long (106/100)
PageCallbacks\FinancialMetricsCallbacks.py:FinancialMetricsCallbacks:46: [C0301(line-too-long), ] Line too long (109/100)
PageCallbacks\FinancialMetricsCallbacks.py:FinancialMetricsCallbacks:48: [C0301(line-too-long), ] Line too long (114/100)
PageCallbacks\FinancialMetricsCallbacks.py:FinancialMetricsCallbacks:57: [C0301(line-too-long), ] Line too long (113/100)
PageCallbacks\FinancialMetricsCallbacks.py:FinancialMetricsCallbacks:71: [C0301(line-too-long), ] Line too long (109/100)
PageCallbacks\FinancialMetricsCallbacks.py:FinancialMetricsCallbacks:72: [C0301(line-too-long), ] Line too long (111/100)
PageCallbacks\FinancialMetricsCallbacks.py:FinancialMetricsCallbacks:123: [C0301(line-too-long), ] Line too long (119/100)
PageCallbacks\FinancialMetricsCallbacks.py:FinancialMetricsCallbacks:128: [C0301(line-too-long), ] Line too long (103/100)
PageCallbacks\FinancialMetricsCallbacks.py:FinancialMetricsCallbacks:136: [C0301(line-too-long), ] Line too long (101/100)
PageCallbacks\FinancialMetricsCallbacks.py:FinancialMetricsCallbacks:137: [C0301(line-too-long), ] Line too long (103/100)
PageCallbacks\FinancialMetricsCallbacks.py:FinancialMetricsCallbacks:139: [C0301(line-too-long), ] Line too long (101/100)
PageCallbacks\FinancialMetricsCallbacks.py:FinancialMetricsCallbacks:140: [C0301(line-too-long), ] Line too long (103/100)
PageCallbacks\FinancialMetricsCallbacks.py:FinancialMetricsCallbacks:1: [C0103(invalid-name), ] Module name "FinancialMetricsCallbacks" doesn't conform to snake_case naming style
PageCallbacks\FinancialMetricsCallbacks.py:FinancialMetricsCallbacks:1: [C0114(missing-module-docstring), ] Missing module docstring
PageCallbacks\FinancialMetricsCallbacks.py:FinancialMetricsCallbacks:7: [C0116(missing-function-docstring), register_callbacks] Missing function or method docstring
PageCallbacks\FinancialMetricsCallbacks.py:FinancialMetricsCallbacks:25: [W0612(unused-variable), register_callbacks.plot_revenue] Unused variable 'index'
PageCallbacks\FinancialMetricsCallbacks.py:FinancialMetricsCallbacks:87: [W0612(unused-variable), register_callbacks.construct_symbols_to_ignore] Unused variable 'index'
PageCallbacks\FinancialMetricsCallbacks.py:FinancialMetricsCallbacks:14: [W0612(unused-variable), register_callbacks.plot_revenue] Unused variable 'plot_revenue'
PageCallbacks\FinancialMetricsCallbacks.py:FinancialMetricsCallbacks:3: [C0411(wrong-import-order), ] third party import "from dash.dependencies import Input, Output" should be placed before "from PyhonRequestFiles import FinancialStatementsJSONParser"
PageCallbacks\FinancialMetricsCallbacks.py:FinancialMetricsCallbacks:4: [C0411(wrong-import-order), ] third party import "import numpy as np" should be placed before "from PyhonRequestFiles import FinancialStatementsJSONParser"
************* Module HomePageCallbacks
PageCallbacks\HomePageCallbacks.py:HomePageCallbacks:20: [C0301(line-too-long), ] Line too long (101/100)
PageCallbacks\HomePageCallbacks.py:HomePageCallbacks:25: [C0301(line-too-long), ] Line too long (106/100)
PageCallbacks\HomePageCallbacks.py:HomePageCallbacks:30: [C0301(line-too-long), ] Line too long (115/100)
PageCallbacks\HomePageCallbacks.py:HomePageCallbacks:1: [C0103(invalid-name), ] Module name "HomePageCallbacks" doesn't conform to snake_case naming style
PageCallbacks\HomePageCallbacks.py:HomePageCallbacks:1: [C0114(missing-module-docstring), ] Missing module docstring
PageCallbacks\HomePageCallbacks.py:HomePageCallbacks:5: [C0116(missing-function-docstring), register_callbacks] Missing function or method docstring
PageCallbacks\HomePageCallbacks.py:HomePageCallbacks:26: [R1705(no-else-return), register_callbacks.plot_daily_high] Unnecessary "else" after "return"
PageCallbacks\HomePageCallbacks.py:HomePageCallbacks:11: [W0612(unused-variable), register_callbacks.plot_daily_high] Unused variable 'plot_daily_high'
PageCallbacks\HomePageCallbacks.py:HomePageCallbacks:3: [C0411(wrong-import-order), ] third party import "from dash.dependencies import Input, Output" should be placed before "from PyhonRequestFiles.stock import Stocks"
************* Module MachineLearningCallbacks
PageCallbacks\MachineLearningCallbacks.py:MachineLearningCallbacks:26: [C0326(bad-whitespace), ] No space allowed after bracket
        trace.append(go.Scatter( x=xvals , y=yvals, mode='lines'))
                               ^
PageCallbacks\MachineLearningCallbacks.py:MachineLearningCallbacks:26: [C0326(bad-whitespace), ] No space allowed before comma
        trace.append(go.Scatter( x=xvals , y=yvals, mode='lines'))
                                         ^
PageCallbacks\MachineLearningCallbacks.py:MachineLearningCallbacks:1: [C0103(invalid-name), ] Module name "MachineLearningCallbacks" doesn't conform to snake_case naming style
PageCallbacks\MachineLearningCallbacks.py:MachineLearningCallbacks:1: [C0114(missing-module-docstring), ] Missing module docstring
PageCallbacks\MachineLearningCallbacks.py:MachineLearningCallbacks:9: [C0116(missing-function-docstring), register_callbacks] Missing function or method docstring
PageCallbacks\MachineLearningCallbacks.py:MachineLearningCallbacks:12: [W0612(unused-variable), register_callbacks.plot_daily_high] Unused variable 'plot_daily_high'
PageCallbacks\MachineLearningCallbacks.py:MachineLearningCallbacks:1: [W0611(unused-import), ] Unused pandas imported as pd
PageCallbacks\MachineLearningCallbacks.py:MachineLearningCallbacks:4: [W0611(unused-import), ] Unused Stocks imported from PyhonRequestFiles.stock
PageCallbacks\MachineLearningCallbacks.py:MachineLearningCallbacks:6: [C0411(wrong-import-order), ] third party import "from dash.dependencies import Input, Output" should be placed before "from PyhonRequestFiles.MachineLearning import ML"
************* Module FinancialMetricsPageLayout
PageLayouts\FinancialMetricsPageLayout.py:FinancialMetricsPageLayout:8: [C0301(line-too-long), ] Line too long (116/100)
PageLayouts\FinancialMetricsPageLayout.py:FinancialMetricsPageLayout:28: [C0301(line-too-long), ] Line too long (110/100)
PageLayouts\FinancialMetricsPageLayout.py:FinancialMetricsPageLayout:1: [C0103(invalid-name), ] Module name "FinancialMetricsPageLayout" doesn't conform to snake_case naming style
PageLayouts\FinancialMetricsPageLayout.py:FinancialMetricsPageLayout:1: [C0114(missing-module-docstring), ] Missing module docstring
PageLayouts\FinancialMetricsPageLayout.py:FinancialMetricsPageLayout:7: [C0116(missing-function-docstring), construct_layout] Missing function or method docstring
************* Module HomePageLayout
PageLayouts\HomePageLayout.py:HomePageLayout:10: [C0301(line-too-long), ] Line too long (104/100)
PageLayouts\HomePageLayout.py:HomePageLayout:14: [C0301(line-too-long), ] Line too long (101/100)
PageLayouts\HomePageLayout.py:HomePageLayout:20: [C0301(line-too-long), ] Line too long (101/100)
PageLayouts\HomePageLayout.py:HomePageLayout:1: [C0103(invalid-name), ] Module name "HomePageLayout" doesn't conform to snake_case naming style
PageLayouts\HomePageLayout.py:HomePageLayout:1: [C0114(missing-module-docstring), ] Missing module docstring
PageLayouts\HomePageLayout.py:HomePageLayout:6: [C0116(missing-function-docstring), construct_layout] Missing function or method docstring
PageLayouts\HomePageLayout.py:HomePageLayout:6: [W0613(unused-argument), construct_layout] Unused argument 'drop_down_symbols'
************* Module Layouts
PageLayouts\Layouts.py:Layouts:20: [C0301(line-too-long), ] Line too long (106/100)
PageLayouts\Layouts.py:Layouts:1: [C0103(invalid-name), ] Module name "Layouts" doesn't conform to snake_case naming style
PageLayouts\Layouts.py:Layouts:1: [C0114(missing-module-docstring), ] Missing module docstring
PageLayouts\Layouts.py:Layouts:6: [C0116(missing-function-docstring), construct_layout] Missing function or method docstring
************* Module MachineLearningLayout
PageLayouts\MachineLearningLayout.py:MachineLearningLayout:1: [C0103(invalid-name), ] Module name "MachineLearningLayout" doesn't conform to snake_case naming style
PageLayouts\MachineLearningLayout.py:MachineLearningLayout:1: [C0114(missing-module-docstring), ] Missing module docstring
PageLayouts\MachineLearningLayout.py:MachineLearningLayout:6: [C0116(missing-function-docstring), construct_layout] Missing function or method docstring
************* Module FinancialMetricsStyles
PageStyles\FinancialMetricsStyles.py:FinancialMetricsStyles:1: [C0103(invalid-name), ] Module name "FinancialMetricsStyles" doesn't conform to snake_case naming style
************* Module HomePageStyles
PageStyles\HomePageStyles.py:HomePageStyles:1: [C0103(invalid-name), ] Module name "HomePageStyles" doesn't conform to snake_case naming style
************* Module FinancialStatementsJSONParser
PyhonRequestFiles\FinancialStatementsJSONParser.py:FinancialStatementsJSONParser:15: [C0301(line-too-long), ] Line too long (111/100)
PyhonRequestFiles\FinancialStatementsJSONParser.py:FinancialStatementsJSONParser:16: [C0301(line-too-long), ] Line too long (110/100)
PyhonRequestFiles\FinancialStatementsJSONParser.py:FinancialStatementsJSONParser:27: [C0301(line-too-long), ] Line too long (102/100)
PyhonRequestFiles\FinancialStatementsJSONParser.py:FinancialStatementsJSONParser:53: [C0301(line-too-long), ] Line too long (116/100)
PyhonRequestFiles\FinancialStatementsJSONParser.py:FinancialStatementsJSONParser:63: [C0301(line-too-long), ] Line too long (112/100)
PyhonRequestFiles\FinancialStatementsJSONParser.py:FinancialStatementsJSONParser:73: [C0301(line-too-long), ] Line too long (120/100)
PyhonRequestFiles\FinancialStatementsJSONParser.py:FinancialStatementsJSONParser:74: [C0301(line-too-long), ] Line too long (103/100)
PyhonRequestFiles\FinancialStatementsJSONParser.py:FinancialStatementsJSONParser:77: [C0301(line-too-long), ] Line too long (118/100)
PyhonRequestFiles\FinancialStatementsJSONParser.py:FinancialStatementsJSONParser:91: [C0301(line-too-long), ] Line too long (115/100)
PyhonRequestFiles\FinancialStatementsJSONParser.py:FinancialStatementsJSONParser:106: [C0301(line-too-long), ] Line too long (111/100)
PyhonRequestFiles\FinancialStatementsJSONParser.py:FinancialStatementsJSONParser:117: [C0301(line-too-long), ] Line too long (116/100)
PyhonRequestFiles\FinancialStatementsJSONParser.py:FinancialStatementsJSONParser:138: [C0301(line-too-long), ] Line too long (111/100)
PyhonRequestFiles\FinancialStatementsJSONParser.py:FinancialStatementsJSONParser:139: [C0301(line-too-long), ] Line too long (110/100)
PyhonRequestFiles\FinancialStatementsJSONParser.py:FinancialStatementsJSONParser:156: [C0305(trailing-newlines), ] Trailing newlines
PyhonRequestFiles\FinancialStatementsJSONParser.py:FinancialStatementsJSONParser:1: [C0103(invalid-name), ] Module name "FinancialStatementsJSONParser" doesn't conform to snake_case naming style
PyhonRequestFiles\FinancialStatementsJSONParser.py:FinancialStatementsJSONParser:1: [C0114(missing-module-docstring), ] Missing module docstring
PyhonRequestFiles\FinancialStatementsJSONParser.py:FinancialStatementsJSONParser:9: [R0912(too-many-branches), build_url] Too many branches (13/12)
PyhonRequestFiles\FinancialStatementsJSONParser.py:FinancialStatementsJSONParser:70: [R0914(too-many-locals), parse_json] Too many local variables (17/15)
PyhonRequestFiles\FinancialStatementsJSONParser.py:FinancialStatementsJSONParser:82: [R1702(too-many-nested-blocks), parse_json] Too many nested blocks (9/5)
PyhonRequestFiles\FinancialStatementsJSONParser.py:FinancialStatementsJSONParser:82: [R1702(too-many-nested-blocks), parse_json] Too many nested blocks (8/5)
PyhonRequestFiles\FinancialStatementsJSONParser.py:FinancialStatementsJSONParser:142: [R1705(no-else-return), fetch_data] Unnecessary "else" after "return"
PyhonRequestFiles\FinancialStatementsJSONParser.py:FinancialStatementsJSONParser:2: [C0411(wrong-import-order), ] third party import "import requests" should be placed before "from ConfigFiles import MetricsConfig"
PyhonRequestFiles\FinancialStatementsJSONParser.py:FinancialStatementsJSONParser:3: [C0411(wrong-import-order), ] standard import "import sys" should be placed before "import requests"
************* Module MachineLearning
PyhonRequestFiles\MachineLearning.py:MachineLearning:26: [C0301(line-too-long), ] Line too long (103/100)
PyhonRequestFiles\MachineLearning.py:MachineLearning:34: [C0301(line-too-long), ] Line too long (127/100)
PyhonRequestFiles\MachineLearning.py:MachineLearning:65: [C0301(line-too-long), ] Line too long (114/100)
PyhonRequestFiles\MachineLearning.py:MachineLearning:66: [C0301(line-too-long), ] Line too long (112/100)
PyhonRequestFiles\MachineLearning.py:MachineLearning:106: [C0301(line-too-long), ] Line too long (101/100)
PyhonRequestFiles\MachineLearning.py:MachineLearning:124: [C0301(line-too-long), ] Line too long (113/100)
PyhonRequestFiles\MachineLearning.py:MachineLearning:242: [C0301(line-too-long), ] Line too long (114/100)
PyhonRequestFiles\MachineLearning.py:MachineLearning:257: [C0301(line-too-long), ] Line too long (110/100)
PyhonRequestFiles\MachineLearning.py:MachineLearning:269: [C0301(line-too-long), ] Line too long (111/100)
PyhonRequestFiles\MachineLearning.py:MachineLearning:270: [C0301(line-too-long), ] Line too long (113/100)
PyhonRequestFiles\MachineLearning.py:MachineLearning:285: [C0301(line-too-long), ] Line too long (110/100)
PyhonRequestFiles\MachineLearning.py:MachineLearning:296: [C0301(line-too-long), ] Line too long (105/100)
PyhonRequestFiles\MachineLearning.py:MachineLearning:297: [C0301(line-too-long), ] Line too long (103/100)
PyhonRequestFiles\MachineLearning.py:MachineLearning:305: [C0301(line-too-long), ] Line too long (101/100)
PyhonRequestFiles\MachineLearning.py:MachineLearning:311: [C0301(line-too-long), ] Line too long (102/100)
PyhonRequestFiles\MachineLearning.py:MachineLearning:313: [C0301(line-too-long), ] Line too long (106/100)
PyhonRequestFiles\MachineLearning.py:MachineLearning:329: [C0301(line-too-long), ] Line too long (117/100)
PyhonRequestFiles\MachineLearning.py:MachineLearning:357: [C0301(line-too-long), ] Line too long (102/100)
PyhonRequestFiles\MachineLearning.py:MachineLearning:362: [C0301(line-too-long), ] Line too long (111/100)
PyhonRequestFiles\MachineLearning.py:MachineLearning:363: [C0301(line-too-long), ] Line too long (111/100)
PyhonRequestFiles\MachineLearning.py:MachineLearning:385: [C0301(line-too-long), ] Line too long (119/100)
PyhonRequestFiles\MachineLearning.py:MachineLearning:433: [C0301(line-too-long), ] Line too long (102/100)
PyhonRequestFiles\MachineLearning.py:MachineLearning:499: [C0301(line-too-long), ] Line too long (126/100)
PyhonRequestFiles\MachineLearning.py:MachineLearning:534: [C0305(trailing-newlines), ] Trailing newlines
PyhonRequestFiles\MachineLearning.py:MachineLearning:1: [C0103(invalid-name), ] Module name "MachineLearning" doesn't conform to snake_case naming style
PyhonRequestFiles\MachineLearning.py:MachineLearning:1: [C0114(missing-module-docstring), ] Missing module docstring
PyhonRequestFiles\MachineLearning.py:MachineLearning:5: [W0404(reimported), ] Reimport 'data' (imported line 3)
PyhonRequestFiles\MachineLearning.py:MachineLearning:9: [C0410(multiple-imports), ] Multiple imports on one line (urllib.request, json)
PyhonRequestFiles\MachineLearning.py:MachineLearning:12: [E0401(import-error), ] Unable to import 'tensorflow'
PyhonRequestFiles\MachineLearning.py:MachineLearning:14: [E0401(import-error), ] Unable to import 'tensorflow.python.framework'
PyhonRequestFiles\MachineLearning.py:MachineLearning:17: [C0103(invalid-name), ] Constant name "data_source" doesn't conform to UPPER_CASE naming style
PyhonRequestFiles\MachineLearning.py:MachineLearning:20: [C0115(missing-class-docstring), ML] Missing class docstring
PyhonRequestFiles\MachineLearning.py:MachineLearning:21: [C0116(missing-function-docstring), ML.getdata] Missing function or method docstring
PyhonRequestFiles\MachineLearning.py:MachineLearning:45: [W0621(redefined-outer-name), ML.getdata] Redefining name 'data' from outer scope (line 3)
PyhonRequestFiles\MachineLearning.py:MachineLearning:21: [E0213(no-self-argument), ML.getdata] Method should have "self" as first argument
PyhonRequestFiles\MachineLearning.py:MachineLearning:21: [R0914(too-many-locals), ML.getdata] Too many local variables (117/15)
PyhonRequestFiles\MachineLearning.py:MachineLearning:48: [C0103(invalid-name), ML.getdata] Variable name "df" doesn't conform to snake_case naming style
PyhonRequestFiles\MachineLearning.py:MachineLearning:49: [C0103(invalid-name), ML.getdata] Variable name "v" doesn't conform to snake_case naming style
PyhonRequestFiles\MachineLearning.py:MachineLearning:61: [C0103(invalid-name), ML.getdata] Variable name "df" doesn't conform to snake_case naming style
PyhonRequestFiles\MachineLearning.py:MachineLearning:68: [C0103(invalid-name), ML.getdata] Variable name "df" doesn't conform to snake_case naming style
PyhonRequestFiles\MachineLearning.py:MachineLearning:74: [C0103(invalid-name), ML.getdata] Variable name "df" doesn't conform to snake_case naming style
PyhonRequestFiles\MachineLearning.py:MachineLearning:75: [C0103(invalid-name), ML.getdata] Variable name "df" doesn't conform to snake_case naming style
PyhonRequestFiles\MachineLearning.py:MachineLearning:117: [C0103(invalid-name), ML.getdata] Variable name "di" doesn't conform to snake_case naming style
PyhonRequestFiles\MachineLearning.py:MachineLearning:134: [C0103(invalid-name), ML.getdata] Variable name "EMA" doesn't conform to snake_case naming style
PyhonRequestFiles\MachineLearning.py:MachineLearning:136: [C0103(invalid-name), ML.getdata] Variable name "ti" doesn't conform to snake_case naming style
PyhonRequestFiles\MachineLearning.py:MachineLearning:137: [C0103(invalid-name), ML.getdata] Variable name "EMA" doesn't conform to snake_case naming style
PyhonRequestFiles\MachineLearning.py:MachineLearning:144: [C0103(invalid-name), ML.getdata] Variable name "N" doesn't conform to snake_case naming style
PyhonRequestFiles\MachineLearning.py:MachineLearning:152: [W0631(undefined-loop-variable), ML.getdata] Using possibly undefined loop variable 'k'
PyhonRequestFiles\MachineLearning.py:MachineLearning:172: [C0103(invalid-name), ML.getdata] Variable name "N" doesn't conform to snake_case naming style
PyhonRequestFiles\MachineLearning.py:MachineLearning:201: [C0115(missing-class-docstring), ML.getdata.DataGeneratorSeq] Missing class docstring
PyhonRequestFiles\MachineLearning.py:MachineLearning:201: [R0205(useless-object-inheritance), ML.getdata.DataGeneratorSeq] Class 'DataGeneratorSeq' inherits from object, can be safely removed from bases in python3
PyhonRequestFiles\MachineLearning.py:MachineLearning:211: [C0116(missing-function-docstring), ML.getdata.DataGeneratorSeq.next_batch] Missing function or method docstring
PyhonRequestFiles\MachineLearning.py:MachineLearning:216: [C0103(invalid-name), ML.getdata.DataGeneratorSeq.next_batch] Variable name "b" doesn't conform to snake_case naming style
PyhonRequestFiles\MachineLearning.py:MachineLearning:228: [C0116(missing-function-docstring), ML.getdata.DataGeneratorSeq.unroll_batches] Missing function or method docstring
PyhonRequestFiles\MachineLearning.py:MachineLearning:233: [W0621(redefined-outer-name), ML.getdata.DataGeneratorSeq.unroll_batches] Redefining name 'data' from outer scope (line 3)
PyhonRequestFiles\MachineLearning.py:MachineLearning:232: [C0103(invalid-name), ML.getdata.DataGeneratorSeq.unroll_batches] Variable name "ui" doesn't conform to snake_case naming style
PyhonRequestFiles\MachineLearning.py:MachineLearning:231: [W0612(unused-variable), ML.getdata.DataGeneratorSeq.unroll_batches] Unused variable 'init_data'
PyhonRequestFiles\MachineLearning.py:MachineLearning:231: [W0612(unused-variable), ML.getdata.DataGeneratorSeq.unroll_batches] Unused variable 'init_label'
PyhonRequestFiles\MachineLearning.py:MachineLearning:232: [W0612(unused-variable), ML.getdata.DataGeneratorSeq.unroll_batches] Unused variable 'ui'
PyhonRequestFiles\MachineLearning.py:MachineLearning:240: [C0116(missing-function-docstring), ML.getdata.DataGeneratorSeq.reset_indices] Missing function or method docstring
PyhonRequestFiles\MachineLearning.py:MachineLearning:241: [C0103(invalid-name), ML.getdata.DataGeneratorSeq.reset_indices] Variable name "b" doesn't conform to snake_case naming style
PyhonRequestFiles\MachineLearning.py:MachineLearning:244: [C0103(invalid-name), ML.getdata] Variable name "dg" doesn't conform to snake_case naming style
PyhonRequestFiles\MachineLearning.py:MachineLearning:247: [C0103(invalid-name), ML.getdata] Variable name "ui" doesn't conform to snake_case naming style
PyhonRequestFiles\MachineLearning.py:MachineLearning:254: [C0103(invalid-name), ML.getdata] Variable name "D" doesn't conform to snake_case naming style
PyhonRequestFiles\MachineLearning.py:MachineLearning:268: [C0103(invalid-name), ML.getdata] Variable name "ui" doesn't conform to snake_case naming style
PyhonRequestFiles\MachineLearning.py:MachineLearning:285: [C0103(invalid-name), ML.getdata] Variable name "w" doesn't conform to snake_case naming style
PyhonRequestFiles\MachineLearning.py:MachineLearning:286: [C0103(invalid-name), ML.getdata] Variable name "b" doesn't conform to snake_case naming style
PyhonRequestFiles\MachineLearning.py:MachineLearning:289: [C0103(invalid-name), ML.getdata] Variable name "c" doesn't conform to snake_case naming style
PyhonRequestFiles\MachineLearning.py:MachineLearning:289: [C0103(invalid-name), ML.getdata] Variable name "h" doesn't conform to snake_case naming style
PyhonRequestFiles\MachineLearning.py:MachineLearning:291: [C0103(invalid-name), ML.getdata] Variable name "li" doesn't conform to snake_case naming style
PyhonRequestFiles\MachineLearning.py:MachineLearning:319: [C0103(invalid-name), ML.getdata] Variable name "ui" doesn't conform to snake_case naming style
PyhonRequestFiles\MachineLearning.py:MachineLearning:335: [C0103(invalid-name), ML.getdata] Variable name "v" doesn't conform to snake_case naming style
PyhonRequestFiles\MachineLearning.py:MachineLearning:348: [C0103(invalid-name), ML.getdata] Variable name "li" doesn't conform to snake_case naming style
PyhonRequestFiles\MachineLearning.py:MachineLearning:398: [C0103(invalid-name), ML.getdata] Variable name "ep" doesn't conform to snake_case naming style
PyhonRequestFiles\MachineLearning.py:MachineLearning:406: [C0103(invalid-name), ML.getdata] Variable name "ui" doesn't conform to snake_case naming style
PyhonRequestFiles\MachineLearning.py:MachineLearning:412: [C0103(invalid-name), ML.getdata] Variable name "l" doesn't conform to snake_case naming style
PyhonRequestFiles\MachineLearning.py:MachineLearning:249: [W0612(unused-variable), ML.getdata] Unused variable 'dat_ind'
PyhonRequestFiles\MachineLearning.py:MachineLearning:250: [W0612(unused-variable), ML.getdata] Unused variable 'lbl_ind'
PyhonRequestFiles\MachineLearning.py:MachineLearning:401: [W0612(unused-variable), ML.getdata] Unused variable 'step'
PyhonRequestFiles\MachineLearning.py:MachineLearning:499: [W0612(unused-variable), ML.getdata] Unused variable 'best_prediction_epoch'
PyhonRequestFiles\MachineLearning.py:MachineLearning:508: [W0612(unused-variable), ML.getdata] Unused variable 'alpha'
PyhonRequestFiles\MachineLearning.py:MachineLearning:520: [W0612(unused-variable), ML.getdata] Unused variable 'trace'
PyhonRequestFiles\MachineLearning.py:MachineLearning:21: [R0912(too-many-branches), ML.getdata] Too many branches (30/12)
PyhonRequestFiles\MachineLearning.py:MachineLearning:21: [R0915(too-many-statements), ML.getdata] Too many statements (233/50)
PyhonRequestFiles\MachineLearning.py:MachineLearning:20: [R0903(too-few-public-methods), ML] Too few public methods (1/2)
PyhonRequestFiles\MachineLearning.py:MachineLearning:3: [W0611(unused-import), ] Unused data imported from pandas_datareader
PyhonRequestFiles\MachineLearning.py:MachineLearning:15: [W0611(unused-import), ] Unused plotly.graph_objs imported as go
PyhonRequestFiles\MachineLearning.py:MachineLearning:8: [C0411(wrong-import-order), ] standard import "import datetime as dt" should be placed before "from pandas_datareader import data"
PyhonRequestFiles\MachineLearning.py:MachineLearning:9: [C0411(wrong-import-order), ] standard import "import urllib.request, json" should be placed before "from pandas_datareader import data"
PyhonRequestFiles\MachineLearning.py:MachineLearning:9: [C0411(wrong-import-order), ] standard import "import urllib.request, json" should be placed before "from pandas_datareader import data"
PyhonRequestFiles\MachineLearning.py:MachineLearning:10: [C0411(wrong-import-order), ] standard import "import os" should be placed before "from pandas_datareader import data"
PyhonRequestFiles\MachineLearning.py:MachineLearning:13: [C0411(wrong-import-order), ] third party import "from sklearn.preprocessing import MinMaxScaler" should be placed before "import tensorflow as tf"
PyhonRequestFiles\MachineLearning.py:MachineLearning:15: [C0411(wrong-import-order), ] third party import "import plotly.graph_objs as go" should be placed before "import tensorflow as tf"
************* Module stock
PyhonRequestFiles\stock.py:stock:1: [C0114(missing-module-docstring), ] Missing module docstring
PyhonRequestFiles\stock.py:stock:11: [C0116(missing-function-docstring), getapikey] Missing function or method docstring
PyhonRequestFiles\stock.py:stock:13: [C0103(invalid-name), getapikey] Variable name "readCSV" doesn't conform to snake_case naming style
PyhonRequestFiles\stock.py:stock:18: [C0115(missing-class-docstring), Stocks] Missing class docstring
PyhonRequestFiles\stock.py:stock:19: [C0116(missing-function-docstring), Stocks.getdata] Missing function or method docstring
PyhonRequestFiles\stock.py:stock:19: [E0211(no-method-argument), Stocks.getdata] Method has no argument
PyhonRequestFiles\stock.py:stock:24: [C0103(invalid-name), Stocks.getdata] Variable name "df" doesn't conform to snake_case naming style
PyhonRequestFiles\stock.py:stock:27: [E0102(function-redefined), Stocks.getdata] method already defined line 19
PyhonRequestFiles\stock.py:stock:27: [C0116(missing-function-docstring), Stocks.getdata] Missing function or method docstring
PyhonRequestFiles\stock.py:stock:27: [E0213(no-self-argument), Stocks.getdata] Method should have "self" as first argument
PyhonRequestFiles\stock.py:stock:37: [W0702(bare-except), Stocks.getdata] No exception type(s) specified
PyhonRequestFiles\stock.py:stock:33: [C0103(invalid-name), Stocks.getdata] Variable name "df" doesn't conform to snake_case naming style
PyhonRequestFiles\stock.py:stock:40: [C0116(missing-function-docstring), Stocks.gettimesereis] Missing function or method docstring
PyhonRequestFiles\stock.py:stock:40: [E0213(no-self-argument), Stocks.gettimesereis] Method should have "self" as first argument
PyhonRequestFiles\stock.py:stock:41: [C0103(invalid-name), Stocks.gettimesereis] Variable name "ts" doesn't conform to snake_case naming style
PyhonRequestFiles\stock.py:stock:44: [W0632(unbalanced-tuple-unpacking), Stocks.gettimesereis] Possible unbalanced tuple unpacking with sequence defined at line 41 of alpha_vantage.timeseries: left side has 2 label(s), right side has 3 value(s)
PyhonRequestFiles\stock.py:stock:46: [W0632(unbalanced-tuple-unpacking), Stocks.gettimesereis] Possible unbalanced tuple unpacking with sequence defined at line 25 of alpha_vantage.timeseries: left side has 2 label(s), right side has 3 value(s)
PyhonRequestFiles\stock.py:stock:44: [W0612(unused-variable), Stocks.gettimesereis] Unused variable 'meta_data'
PyhonRequestFiles\stock.py:stock:57: [C0116(missing-function-docstring), Stocks.getdatadaily] Missing function or method docstring
PyhonRequestFiles\stock.py:stock:57: [E0213(no-self-argument), Stocks.getdatadaily] Method should have "self" as first argument
PyhonRequestFiles\stock.py:stock:63: [W0702(bare-except), Stocks.getdatadaily] No exception type(s) specified
PyhonRequestFiles\stock.py:stock:66: [E1121(too-many-function-args), Stocks.getdatadaily] Too many positional arguments for unbound method call
PyhonRequestFiles\stock.py:stock:69: [C0116(missing-function-docstring), Stocks.printdata] Missing function or method docstring
PyhonRequestFiles\stock.py:stock:69: [E0213(no-self-argument), Stocks.printdata] Method should have "self" as first argument
PyhonRequestFiles\stock.py:stock:74: [C0103(invalid-name), Stocks.printdata] Variable name "df" doesn't conform to snake_case naming style
PyhonRequestFiles\stock.py:stock:69: [R0201(no-self-use), Stocks.printdata] Method could be a function
PyhonRequestFiles\stock.py:stock:2: [W0611(unused-import), ] Unused matplotlib.pyplot imported as plt
PyhonRequestFiles\stock.py:stock:7: [W0611(unused-import), ] Unused TechIndicators imported from alpha_vantage.techindicators
PyhonRequestFiles\stock.py:stock:8: [C0411(wrong-import-order), ] standard import "import csv" should be placed before "import matplotlib.pyplot as plt"
PyhonRequestFiles\stock.py:stock:1: [R0801(duplicate-code), ] Similar lines in 2 files
==HomePageLayout:0
==MachineLearningLayout:0
import dash_core_components as dcc
import plotly.graph_objs as go
import dash_html_components as html


def construct_layout(drop_down_symbols):
    return [html.Br(),

------------------------------------------------------------------
Your code has been rated at 5.51/10 (previous run: 5.51/10, +0.00)

